<?xml version="1.0" encoding="UTF-8"?>
<testng-results ignored="0" total="1" passed="1" failed="0" skipped="0">
  <reporter-output>
    <line>
      <![CDATA[<br><img src='C:\Users\hp\Desktop\Automation\Screenshots\img1606966309692_01.png' height='300' width='300'/><br>]]>
    </line>
    <line>
      <![CDATA[<br><img src='C:\Users\hp\Desktop\Automation\Screenshots\img1606966336113_01.png' height='300' width='300'/><br>]]>
    </line>
    <line>
      <![CDATA[<br><img src='C:\Users\hp\Desktop\Automation\Screenshots\img1606966367362_01.png' height='300' width='300'/><br>]]>
    </line>
    <line>
      <![CDATA[<br><img src='C:\Users\hp\Desktop\Automation\Screenshots\img1606966369550_01.png' height='300' width='300'/><br>]]>
    </line>
    <line>
      <![CDATA[<br><img src='C:\Users\hp\Desktop\Automation\Screenshots\img1606966374457_01.png' height='300' width='300'/><br>]]>
    </line>
    <line>
      <![CDATA[<br><img src='C:\Users\hp\Desktop\Automation\Screenshots\img1606966386065_01.png' height='300' width='300'/><br>]]>
    </line>
  </reporter-output>
  <suite started-at="2020-12-03T09:01:13 IST" name="Default suite" finished-at="2020-12-03T09:03:07 IST" duration-ms="114427">
    <groups>
      <group name="cucumber">
        <method signature="AbstractTestNGCucumberTests.feature(cucumber.api.testng.CucumberFeatureWrapper)[pri:0, instance:runnertable.TestRunner@4e7912d8]" name="feature" class="cucumber.api.testng.AbstractTestNGCucumberTests"/>
      </group> <!-- cucumber -->
    </groups>
    <test started-at="2020-12-03T09:01:13 IST" name="Default test" finished-at="2020-12-03T09:03:07 IST" duration-ms="114427">
      <class name="runnertable.TestRunner">
        <test-method is-config="true" signature="setUpClass()[pri:0, instance:runnertable.TestRunner@4e7912d8]" started-at="2020-12-03T09:01:13 IST" name="setUpClass" finished-at="2020-12-03T09:01:13 IST" duration-ms="309" status="PASS">
          <reporter-output>
          </reporter-output>
        </test-method> <!-- setUpClass -->
        <test-method signature="feature(cucumber.api.testng.CucumberFeatureWrapper)[pri:0, instance:runnertable.TestRunner@4e7912d8]" started-at="2020-12-03T09:01:13 IST" name="feature" description="Runs Cucumber Feature" data-provider="features" finished-at="2020-12-03T09:03:06 IST" duration-ms="113416" status="PASS">
          <params>
            <param index="0">
              <value>
                <![CDATA[Login account]]>
              </value>
            </param>
          </params>
          <reporter-output>
            <line>
              <![CDATA[<br><img src='C:\Users\hp\Desktop\Automation\Screenshots\img1606966309692_01.png' height='300' width='300'/><br>]]>
            </line>
            <line>
              <![CDATA[<br><img src='C:\Users\hp\Desktop\Automation\Screenshots\img1606966336113_01.png' height='300' width='300'/><br>]]>
            </line>
            <line>
              <![CDATA[<br><img src='C:\Users\hp\Desktop\Automation\Screenshots\img1606966367362_01.png' height='300' width='300'/><br>]]>
            </line>
            <line>
              <![CDATA[<br><img src='C:\Users\hp\Desktop\Automation\Screenshots\img1606966369550_01.png' height='300' width='300'/><br>]]>
            </line>
            <line>
              <![CDATA[<br><img src='C:\Users\hp\Desktop\Automation\Screenshots\img1606966374457_01.png' height='300' width='300'/><br>]]>
            </line>
            <line>
              <![CDATA[<br><img src='C:\Users\hp\Desktop\Automation\Screenshots\img1606966386065_01.png' height='300' width='300'/><br>]]>
            </line>
          </reporter-output>
        </test-method> <!-- feature -->
        <test-method is-config="true" signature="writeExtentReport()[pri:0, instance:runnertable.TestRunner@4e7912d8]" started-at="2020-12-03T09:03:07 IST" name="writeExtentReport" finished-at="2020-12-03T09:03:07 IST" duration-ms="58" status="PASS">
          <reporter-output>
          </reporter-output>
        </test-method> <!-- writeExtentReport -->
        <test-method is-config="true" signature="tearDownClass()[pri:0, instance:runnertable.TestRunner@4e7912d8]" started-at="2020-12-03T09:03:07 IST" name="tearDownClass" finished-at="2020-12-03T09:03:07 IST" duration-ms="511" status="PASS">
          <reporter-output>
          </reporter-output>
        </test-method> <!-- tearDownClass -->
      </class> <!-- runnertable.TestRunner -->
    </test> <!-- Default test -->
  </suite> <!-- Default suite -->
</testng-results>
